<?xml version="1.0" encoding="UTF-8"?>
<testsuite name="ActivityPointsTest" tests="3" skipped="0" failures="0" errors="0" timestamp="2024-05-22T11:38:27" hostname="charlies-MacBook-Pro-2.local" time="0.019">
  <properties/>
  <testcase name="testSleepActivityMapObjectConstructor" classname="ActivityPointsTest" time="0.018"/>
  <testcase name="testStudyActivityMapObjectConstructor" classname="ActivityPointsTest" time="0.0"/>
  <testcase name="testNapActivityMapObjectConstructor" classname="ActivityPointsTest" time="0.001"/>
  <system-out><![CDATA[]]></system-out>
  <system-err><![CDATA[]]></system-err>
</testsuite>
