<?xml version="1.0" encoding="UTF-8"?>
<testsuite name="MovementTest" tests="4" skipped="0" failures="0" errors="0" timestamp="2024-05-22T11:38:28" hostname="charlies-MacBook-Pro-2.local" time="0.141">
  <properties/>
  <testcase name="testRIGHT" classname="MovementTest" time="0.088"/>
  <testcase name="testDown" classname="MovementTest" time="0.001"/>
  <testcase name="testLEFT" classname="MovementTest" time="0.002"/>
  <testcase name="testUP" classname="MovementTest" time="0.002"/>
  <system-out><![CDATA[0
0
0
0
]]></system-out>
  <system-err><![CDATA[]]></system-err>
</testsuite>
