<?xml version="1.0" encoding="UTF-8"?>
<testsuite name="testPlayerStudyLevel" tests="3" skipped="0" failures="0" errors="0" timestamp="2024-05-19T21:01:54" hostname="charlies-MacBook-Pro-2.local" time="0.033">
  <properties/>
  <testcase name="testIncrease" classname="testPlayerStudyLevel" time="0.0"/>
  <testcase name="testIncreaseTotal" classname="testPlayerStudyLevel" time="0.001"/>
  <testcase name="testDecrease" classname="testPlayerStudyLevel" time="0.001"/>
  <system-out><![CDATA[Study amount: 1.0
]]></system-out>
  <system-err><![CDATA[]]></system-err>
</testsuite>
