<?xml version="1.0" encoding="UTF-8"?>
<testsuite name="testMovement" tests="4" skipped="0" failures="0" errors="0" timestamp="2024-05-22T09:42:46" hostname="ZING" time="0.364">
  <properties/>
  <testcase name="testRIGHT" classname="testMovement" time="0.306"/>
  <testcase name="testDown" classname="testMovement" time="0.004"/>
  <testcase name="testLEFT" classname="testMovement" time="0.003"/>
  <testcase name="testUP" classname="testMovement" time="0.004"/>
  <system-out><![CDATA[0
0
0
0
]]></system-out>
  <system-err><![CDATA[]]></system-err>
</testsuite>
