<?xml version="1.0" encoding="UTF-8"?>
<testsuite name="ActivityTest" tests="6" skipped="0" failures="0" errors="0" timestamp="2024-05-22T12:19:39" hostname="ZING" time="0.007">
  <properties/>
  <testcase name="testEntertainActivity" classname="ActivityTest" time="0.006"/>
  <testcase name="testGetEffectNap" classname="ActivityTest" time="0.0"/>
  <testcase name="testGetEffectSleep" classname="ActivityTest" time="0.001"/>
  <testcase name="testGetEffectStudy" classname="ActivityTest" time="0.0"/>
  <testcase name="testEatActivity" classname="ActivityTest" time="0.0"/>
  <testcase name="testExcerciseActivity" classname="ActivityTest" time="0.0"/>
  <system-out><![CDATA[]]></system-out>
  <system-err><![CDATA[]]></system-err>
</testsuite>
