<?xml version="1.0" encoding="UTF-8"?>
<testsuite name="testExample2" tests="1" skipped="0" failures="0" errors="0" timestamp="2024-05-22T12:09:30" hostname="charlies-MacBook-Pro-2.local" time="0.0">
  <properties/>
  <testcase name="oneEqualsOne" classname="testExample2" time="0.0"/>
  <system-out><![CDATA[]]></system-out>
  <system-err><![CDATA[]]></system-err>
</testsuite>
