<?xml version="1.0" encoding="UTF-8"?>
<testsuite name="PlayerStudyLevelTest" tests="3" skipped="0" failures="0" errors="0" timestamp="2024-05-22T12:09:30" hostname="charlies-MacBook-Pro-2.local" time="0.033">
  <properties/>
  <testcase name="testIncrease" classname="PlayerStudyLevelTest" time="0.0"/>
  <testcase name="testIncreaseTotal" classname="PlayerStudyLevelTest" time="0.002"/>
  <testcase name="testDecrease" classname="PlayerStudyLevelTest" time="0.0"/>
  <system-out><![CDATA[Study amount: 1.0
]]></system-out>
  <system-err><![CDATA[]]></system-err>
</testsuite>
