<?xml version="1.0" encoding="UTF-8"?>
<testsuite name="ActivityTest" tests="3" skipped="0" failures="0" errors="0" timestamp="2024-05-22T11:38:27" hostname="charlies-MacBook-Pro-2.local" time="0.003">
  <properties/>
  <testcase name="testGetEffectNap" classname="ActivityTest" time="0.002"/>
  <testcase name="testGetEffectSleep" classname="ActivityTest" time="0.001"/>
  <testcase name="testGetEffectStudy" classname="ActivityTest" time="0.0"/>
  <system-out><![CDATA[]]></system-out>
  <system-err><![CDATA[]]></system-err>
</testsuite>
