<?xml version="1.0" encoding="UTF-8"?>
<testsuite name="PlayerStudyLevelTest" tests="6" skipped="0" failures="0" errors="0" timestamp="2024-05-22T13:15:57" hostname="MacBook-Pro-149.local" time="0.216">
  <properties/>
  <testcase name="testGetTotal" classname="PlayerStudyLevelTest" time="0.128"/>
  <testcase name="testIncrease" classname="PlayerStudyLevelTest" time="0.002"/>
  <testcase name="testIncreaseTotal" classname="PlayerStudyLevelTest" time="0.006"/>
  <testcase name="testDecrease" classname="PlayerStudyLevelTest" time="0.0"/>
  <testcase name="testGetMaxTotal" classname="PlayerStudyLevelTest" time="0.001"/>
  <testcase name="testSetTotal" classname="PlayerStudyLevelTest" time="0.0"/>
  <system-out><![CDATA[Study amount: 1.0
]]></system-out>
  <system-err><![CDATA[]]></system-err>
</testsuite>
